<?xml version="1.0" encoding="UTF-8"?>
<!-- Generated by org.testng.reporters.JUnitReportReporter -->
<testsuite hostname="LP-5CG0386GNV" name="com.testscript.TC01_LoginTest" tests="1" failures="0" timestamp="12 Mar 2021 18:03:52 GMT" time="81.570" errors="0">
  <testcase name="TestLoginPage" time="81.570" classname="com.testscript.TC01_LoginTest"/>
</testsuite> <!-- com.testscript.TC01_LoginTest -->
