<?xml version="1.0" encoding="UTF-8"?>
<!-- Generated by org.testng.reporters.JUnitReportReporter -->
<testsuite skipped="0" hostname="LP-5CG0386GNV" name="com.testscript.TC01_LoginTest" tests="1" failures="0" timestamp="18 Mar 2021 06:05:34 GMT" time="53.222" errors="0">
  <testcase name="TestLoginPage" time="53.222" classname="com.testscript.TC01_LoginTest"/>
</testsuite> <!-- com.testscript.TC01_LoginTest -->
